\BOOKMARK [0][-]{part.1}{I Papers on Conductivity}{}% 1
\BOOKMARK [1][-]{section.1}{Wang et al. \(2015\): Structural manipulation approaches towards enhanced sodium ionic conductivity in Na-rich antiperovskites}{part.1}% 2
\BOOKMARK [2][-]{subsection.1.1}{Methods}{section.1}% 3
\BOOKMARK [2][-]{subsection.1.2}{Synthesis and structure}{section.1}% 4
\BOOKMARK [2][-]{subsection.1.3}{Experimental conductivity}{section.1}% 5
\BOOKMARK [2][-]{subsection.1.4}{Calculated conductivity}{section.1}% 6
\BOOKMARK [2][-]{subsection.1.5}{Conclusion}{section.1}% 7
\BOOKMARK [1][-]{section.2}{Zhu et al. \(2016\): Sodium Ion Transport Mechanisms in Antiperovskite Electrolytes Na3OBr and Na4OI2: An in Situ Neutron Diffraction Study}{part.1}% 8
\BOOKMARK [2][-]{subsection.2.1}{Methods}{section.2}% 9
\BOOKMARK [2][-]{subsection.2.2}{Synthesis and structure}{section.2}% 10
\BOOKMARK [2][-]{subsection.2.3}{Experimental conductivity}{section.2}% 11
\BOOKMARK [2][-]{subsection.2.4}{Calculated conductivity}{section.2}% 12
\BOOKMARK [2][-]{subsection.2.5}{Conclusions}{section.2}% 13
\BOOKMARK [1][-]{section.3}{Nguyen et al. \(2016\): Experimental and Computational Evaluation of a Sodium-Rich Anti-Perovskite for Solid State Electrolytes}{part.1}% 14
\BOOKMARK [2][-]{subsection.3.1}{Methods}{section.3}% 15
\BOOKMARK [2][-]{subsection.3.2}{Synthesis and structure}{section.3}% 16
\BOOKMARK [2][-]{subsection.3.3}{Defects}{section.3}% 17
\BOOKMARK [2][-]{subsection.3.4}{Experimental conductivity}{section.3}% 18
\BOOKMARK [2][-]{subsection.3.5}{Conclusions}{section.3}% 19
\BOOKMARK [1][-]{section.4}{Wan et al. \(2018\): A first principle study of the phase stability, ion transport and substitution strategy for highly ionic conductive sodium antipervoskite as solid electrolyte for sodium ion batteries}{part.1}% 20
\BOOKMARK [2][-]{subsection.4.1}{Methods}{section.4}% 21
\BOOKMARK [2][-]{subsection.4.2}{Structure}{section.4}% 22
\BOOKMARK [2][-]{subsection.4.3}{Defects and doping}{section.4}% 23
\BOOKMARK [2][-]{subsection.4.4}{Conductivity}{section.4}% 24
\BOOKMARK [2][-]{subsection.4.5}{Conclusions}{section.4}% 25
\BOOKMARK [1][-]{section.5}{Yu et al. \(2018\): Theoretical design of double anti-perovskite Na6SOI2 as a super-fast ion conductor for solid Na+ ion batteries}{part.1}% 26
\BOOKMARK [2][-]{subsection.5.1}{Methods}{section.5}% 27
\BOOKMARK [2][-]{subsection.5.2}{Defects}{section.5}% 28
\BOOKMARK [2][-]{subsection.5.3}{Calculated conductivity}{section.5}% 29
\BOOKMARK [2][-]{subsection.5.4}{Conclusions}{section.5}% 30
\BOOKMARK [1][-]{section.6}{Dawson et al. \(2018\): Composition Screening of Lithium- and Sodium-Rich Anti-Perovskites for Fast-Conducting Solid Electrolytes}{part.1}% 31
\BOOKMARK [2][-]{subsection.6.1}{Methods}{section.6}% 32
\BOOKMARK [2][-]{subsection.6.2}{Structure}{section.6}% 33
\BOOKMARK [2][-]{subsection.6.3}{Defects}{section.6}% 34
\BOOKMARK [2][-]{subsection.6.4}{Conductivity}{section.6}% 35
\BOOKMARK [2][-]{subsection.6.5}{Conclusions}{section.6}% 36
\BOOKMARK [1][-]{section.7}{Sun et al. \(2019\): Rotational Cluster Anion Enabling Superionic Conductivity in Sodium-Rich Antiperovskite Na3OBH4}{part.1}% 37
\BOOKMARK [2][-]{subsection.7.1}{Methods}{section.7}% 38
\BOOKMARK [2][-]{subsection.7.2}{Synthesis and structure}{section.7}% 39
\BOOKMARK [2][-]{subsection.7.3}{Conductivity}{section.7}% 40
\BOOKMARK [2][-]{subsection.7.4}{Conclusions}{section.7}% 41
\BOOKMARK [1][-]{section.8}{Yu et al. \(2019\): Theoretical tuning of Ruddlesden\205Popper type anti-perovskite phases as superb ion conductors and cathodes for solid sodium ion batteries}{part.1}% 42
\BOOKMARK [2][-]{subsection.8.1}{Methods}{section.8}% 43
\BOOKMARK [2][-]{subsection.8.2}{Doping}{section.8}% 44
\BOOKMARK [2][-]{subsection.8.3}{Calculated conductivity}{section.8}% 45
\BOOKMARK [2][-]{subsection.8.4}{Conclusions}{section.8}% 46
\BOOKMARK [1][-]{section.9}{Fang et al. \(2019\): Sodium Superionic Conductors Based on Clusters}{part.1}% 47
\BOOKMARK [2][-]{subsection.9.1}{Methods}{section.9}% 48
\BOOKMARK [2][-]{subsection.9.2}{Conductivity}{section.9}% 49
\BOOKMARK [2][-]{subsection.9.3}{Conclusions}{section.9}% 50
\BOOKMARK [1][-]{section.10}{Ahiavi el at. \(2020\): Mechanochemical synthesis and ion transport properties of Na3OX \(X = Cl, Br, I and BH4\) antiperovskite solid electrolytes}{part.1}% 51
\BOOKMARK [2][-]{subsection.10.1}{Methods}{section.10}% 52
\BOOKMARK [2][-]{subsection.10.2}{Synthesis and structure}{section.10}% 53
\BOOKMARK [2][-]{subsection.10.3}{Experimental conductivity}{section.10}% 54
\BOOKMARK [2][-]{subsection.10.4}{Calculated conductivity}{section.10}% 55
\BOOKMARK [2][-]{subsection.10.5}{Conclusions}{section.10}% 56
\BOOKMARK [1][-]{section.11}{Gao et al. \(2020\): Mechanism of enhanced ionic conductivity by rotational nitrite group in antiperovskite Na3ONO2}{part.1}% 57
\BOOKMARK [2][-]{subsection.11.1}{Methods}{section.11}% 58
\BOOKMARK [2][-]{subsection.11.2}{Synthesis and structure}{section.11}% 59
\BOOKMARK [2][-]{subsection.11.3}{Experimental onductivity}{section.11}% 60
\BOOKMARK [2][-]{subsection.11.4}{Calculated conductivity}{section.11}% 61
\BOOKMARK [2][-]{subsection.11.5}{Conclusions}{section.11}% 62
\BOOKMARK [1][-]{section.12}{Li et al. \(2020\): Theoretical study of Na+ transport in the solid-state electrolyte Na3OBr based on deep potential molecular dynamics}{part.1}% 63
\BOOKMARK [2][-]{subsection.12.1}{Methods}{section.12}% 64
\BOOKMARK [2][-]{subsection.12.2}{Calculated conductivity}{section.12}% 65
\BOOKMARK [2][-]{subsection.12.3}{Conclusions}{section.12}% 66
\BOOKMARK [1][-]{section.13}{Fan et al. \(2020\): A Na-rich fluorinated sulfate anti-perovskite with dual doping as solid electrolyte for Na metal solid state batteries}{part.1}% 67
\BOOKMARK [2][-]{subsection.13.1}{Methods}{section.13}% 68
\BOOKMARK [2][-]{subsection.13.2}{Experimental conductivity}{section.13}% 69
\BOOKMARK [2][-]{subsection.13.3}{Conclusions}{section.13}% 70
\BOOKMARK [1][-]{section.14}{Feng et al. \(2020\): Facile synthesis and electrochemical properties of Na-rich anti-perovskite solid electrolytes}{part.1}% 71
\BOOKMARK [2][-]{subsection.14.1}{Methods}{section.14}% 72
\BOOKMARK [2][-]{subsection.14.2}{Experimental conductivity}{section.14}% 73
\BOOKMARK [2][-]{subsection.14.3}{Conclusions}{section.14}% 74
\BOOKMARK [0][-]{part.2}{II Papers on Structural Properties}{}% 75
\BOOKMARK [1][-]{section.15}{Sabrowski et al. \(1988\): Na3OCl and Na3OBr the first alkali metal chalcogenide halides}{part.2}% 76
\BOOKMARK [2][-]{subsection.15.1}{Methods}{section.15}% 77
\BOOKMARK [2][-]{subsection.15.2}{Synthesis and structure}{section.15}% 78
\BOOKMARK [1][-]{section.16}{Hippler et al. \(1990\): Structure of Na3OCl}{part.2}% 79
\BOOKMARK [2][-]{subsection.16.1}{Methods}{section.16}% 80
\BOOKMARK [2][-]{subsection.16.2}{Synthesis and structure}{section.16}% 81
\BOOKMARK [1][-]{section.17}{Zienko et al. \(2001\): Lattice Dynamics of Antiperovskite Structure Compounds A3OX \(A = Na, K; X = CI, Br\)}{part.2}% 82
\BOOKMARK [2][-]{subsection.17.1}{Methods}{section.17}% 83
\BOOKMARK [2][-]{subsection.17.2}{Structure}{section.17}% 84
\BOOKMARK [2][-]{subsection.17.3}{Elastic and phonon properties}{section.17}% 85
\BOOKMARK [1][-]{section.18}{Ramanna et al. \(2013\): Ab initio study of electronic structure, elastic and optical properties of anti-perovskite type alkali metal oxyhalides}{part.2}% 86
\BOOKMARK [2][-]{subsection.18.1}{Methods}{section.18}% 87
\BOOKMARK [2][-]{subsection.18.2}{Structure}{section.18}% 88
\BOOKMARK [2][-]{subsection.18.3}{Elastic and phonon properties}{section.18}% 89
\BOOKMARK [1][-]{section.19}{Wang el at. \(2016\): Robust high pressure stability and negative thermal expansion in sodium-rich antiperovskites Na3OBr and Na4OI2}{part.2}% 90
\BOOKMARK [2][-]{subsection.19.1}{Methods}{section.19}% 91
\BOOKMARK [2][-]{subsection.19.2}{Synthesis and structure}{section.19}% 92
\BOOKMARK [2][-]{subsection.19.3}{Thermal data}{section.19}% 93
\BOOKMARK [1][-]{section.20}{Deng et al. \(2016\): Elastic Properties of Alkali Superionic Conductor Electrolytes from First Principles Calculations}{part.2}% 94
\BOOKMARK [2][-]{subsection.20.1}{Methods}{section.20}% 95
\BOOKMARK [2][-]{subsection.20.2}{Elastic properties}{section.20}% 96
\BOOKMARK [1][-]{section.21}{Lv et al. \(2017\): Electronic, elastic, lattice dynamic and thermal conductivity properties of Na3OBr via first principles}{part.2}% 97
\BOOKMARK [2][-]{subsection.21.1}{Methods}{section.21}% 98
\BOOKMARK [2][-]{subsection.21.2}{Strcuture}{section.21}% 99
\BOOKMARK [2][-]{subsection.21.3}{Elastic and phonon properties}{section.21}% 100
\BOOKMARK [1][-]{section.22}{Pham et al. \(2018\): Computational predictions of stable phase for antiperovskite Na3OCl via tilting of Na6O octahedra}{part.2}% 101
\BOOKMARK [2][-]{subsection.22.1}{Methods}{section.22}% 102
\BOOKMARK [2][-]{subsection.22.2}{Structure}{section.22}% 103
\BOOKMARK [2][-]{subsection.22.3}{Phase stability conclusions}{section.22}% 104
\BOOKMARK [1][-]{section.23}{Khandy et al. \(2020\): Electronic structure, thermomechanical and phonon properties of inverse perovskite oxide \(Na3OCl\): An ab initio study}{part.2}% 105
\BOOKMARK [2][-]{subsection.23.1}{Methods}{section.23}% 106
\BOOKMARK [2][-]{subsection.23.2}{Structure}{section.23}% 107
\BOOKMARK [2][-]{subsection.23.3}{Elastic and phonon properties}{section.23}% 108
\BOOKMARK [1][-]{section.24}{Sattar et al. \(2020\): The structural stability, lattice dynamics, electronic, thermophysical, and mechanical properties of the inverse perovskites A3OX: A comparative first-principles study}{part.2}% 109
\BOOKMARK [2][-]{subsection.24.1}{Methods}{section.24}% 110
\BOOKMARK [2][-]{subsection.24.2}{Structure}{section.24}% 111
\BOOKMARK [2][-]{subsection.24.3}{Elastic and phonon properties}{section.24}% 112
\BOOKMARK [0][-]{part.3}{III NMR-related Papers}{}% 113
\BOOKMARK [1][-]{section.25}{Klosters et al. \(2000\): Determination of the \(Na+\) Sternheimer antishielding factor by Na-23 NMR spectroscopy on sodium oxide chloride, Na3OCl}{part.3}% 114
\BOOKMARK [1][-]{section.26}{Johnson et al. \(2005\): Periodic ab initio calculation of nuclear quadrupole parameters as an assignment tool in solid-state NMR spectroscopy: applications to Na-23 NMR spectra of crystalline materials}{part.3}% 115
