\BOOKMARK [0][-]{part.1}{I Solid electrolytes}{}% 1
\BOOKMARK [1][-]{section.1}{Understanding battery terminology}{part.1}% 2
\BOOKMARK [1][-]{section.2}{Ion transport in solids}{part.1}% 3
\BOOKMARK [2][-]{subsection.2.1}{Atomic scale}{section.2}% 4
\BOOKMARK [2][-]{subsection.2.2}{Microscopic scale}{section.2}% 5
\BOOKMARK [2][-]{subsection.2.3}{Macroscopic scale}{section.2}% 6
\BOOKMARK [2][-]{subsection.2.4}{Device scale}{section.2}% 7
\BOOKMARK [1][-]{section.3}{Advantages of solid electrolytes}{part.1}% 8
\BOOKMARK [1][-]{section.4}{Improving conductivity in solid electrolytes}{part.1}% 9
\BOOKMARK [1][-]{section.5}{The electrode-SE interface}{part.1}% 10
\BOOKMARK [1][-]{section.6}{History of solid electrolytes}{part.1}% 11
\BOOKMARK [2][-]{subsection.6.1}{Lithium solid electrolytes}{section.6}% 12
\BOOKMARK [3][-]{subsubsection.6.1.1}{Oxide-based lithium solid electrolytes}{subsection.6.1}% 13
\BOOKMARK [3][-]{subsubsection.6.1.2}{Sulfide-based lithium solid electrolytes}{subsection.6.1}% 14
\BOOKMARK [3][-]{subsubsection.6.1.3}{Polymers, phosphates, halides and hydroborates}{subsection.6.1}% 15
\BOOKMARK [2][-]{subsection.6.2}{Sodium solid electrolytes}{section.6}% 16
\BOOKMARK [3][-]{subsubsection.6.2.1}{Oxide-based sodium solid electrolytes}{subsection.6.2}% 17
\BOOKMARK [3][-]{subsubsection.6.2.2}{Sulfide-based sodium solid electrolytes}{subsection.6.2}% 18
\BOOKMARK [1][-]{section.7}{Production of solid state electrolytes}{part.1}% 19
\BOOKMARK [0][-]{part.2}{II Antiperovskite solid electrolytes}{}% 20
\BOOKMARK [1][-]{section.8}{The antiperovskite structure}{part.2}% 21
\BOOKMARK [1][-]{section.9}{Lithium antiperovskite solid electrolytes}{part.2}% 22
\BOOKMARK [1][-]{section.10}{Sodium antiperovskite solid electrolytes}{part.2}% 23
\BOOKMARK [0][-]{part.3}{III Compuational methods}{}% 24
\BOOKMARK [1][-]{section.11}{Interatomic potentials}{part.3}% 25
\BOOKMARK [1][-]{section.12}{Energy minimisation}{part.3}% 26
\BOOKMARK [1][-]{section.13}{Periodic boundary condiutions}{part.3}% 27
\BOOKMARK [1][-]{section.14}{Defect modelling}{part.3}% 28
