********************************************************************************
*                       GENERAL UTILITY LATTICE PROGRAM                        *
*                                 Julian Gale                                  *
*                       Curtin Institute for Computation                       *
*                    School of Molecular and Life Sciences                     *
*                    Curtin University, Western Australia                      *
********************************************************************************
* Version = 5.2.0 * Last modified =  10th September 2020                       *
********************************************************************************
*  optimise     - perform optimisation run                                     *
*  conp         - constant pressure calculation                                *
*  property     - calculate properties for final geometry                      *
*  defect       - perform defect calculation after bulk run                    *
*  compare      - compare initial and final structures                         *
********************************************************************************

  Job Started  at 00:17.37 26th August     2021                               

  Number of CPUs =     1


  Total number of configurations input =      1

********************************************************************************
*  Input for Configuration =   1                                               *
********************************************************************************

  Formula = Ga2Cl6                                                      

  Number of irreducible atoms/shells =      14


  Total number atoms/shells =      14

  Dimensionality = 3               :  Bulk   



  Cartesian lattice vectors (Angstroms) :

        7.286000    0.000000    0.000000
        3.439979    6.422799    0.000000
        3.788756    2.268736    5.995088

  Cell parameters (Angstroms/Degrees):

  a =       7.2860    alpha =  59.4140
  b =       7.2860    beta  =  59.4140
  c =       7.4460    gamma =  61.8270

  Initial cell volume =         280.549192 Angs**3

  Temperature of configuration =   0.00     K 

  Pressure of configuration =         0.000 GPa 

  Fractional coordinates of asymmetric unit :

--------------------------------------------------------------------------------
   No.  Atomic       x           y          z         Charge      Occupancy
        Label      (Frac)      (Frac)     (Frac)        (e)         (Frac)  
--------------------------------------------------------------------------------
      1 Ga    c    0.344749    0.344749    0.084305     0.00000    1.000000    
      2 Ga    c    0.655251 *  0.655251 *  0.915695 *   0.00000    1.000000    
      3 Cl    c    0.278747 *  0.721253 *  0.000000 *   0.00000    1.000000    
      4 Cl    c    0.721253 *  0.278747 *  0.000000 *   0.00000    1.000000    
      5 Cl    c    0.689436 *  0.689436 *  0.164912 *   0.00000    1.000000    
      6 Cl    c    0.310564 *  0.310564 *  0.835088 *   0.00000    1.000000    
      7 Cl    c    0.813092 *  0.813092 *  0.569365 *   0.00000    1.000000    
      8 Cl    c    0.186908 *  0.186908 *  0.430635 *   0.00000    1.000000    
      9 Cl    s    0.278747 *  0.721253 *  0.000000 *   0.00000    1.000000    
     10 Cl    s    0.721253 *  0.278747 *  0.000000 *   0.00000    1.000000    
     11 Cl    s    0.689436 *  0.689436 *  0.164912 *   0.00000    1.000000    
     12 Cl    s    0.310564 *  0.310564 *  0.835088 *   0.00000    1.000000    
     13 Cl    s    0.813092 *  0.813092 *  0.569365 *   0.00000    1.000000    
     14 Cl    s    0.186908 *  0.186908 *  0.430635 *   0.00000    1.000000    
--------------------------------------------------------------------------------



********************************************************************************
*  General input information                                                   *
********************************************************************************

  Species output for all configurations : 

--------------------------------------------------------------------------------
  Species    Type    Atomic    Atomic    Charge       Radii (Angs)     Library
                     Number     Mass       (e)     Cova   Ionic  VDW   Symbol
--------------------------------------------------------------------------------
    Ga       Core       31      69.72   0.000000   1.220  0.000  1.820          
    Cl       Core       17      35.45   0.000000   0.990  0.000  1.650          
    Cl       Shell      17       0.00   0.000000   0.990  0.000  1.650          
--------------------------------------------------------------------------------


  Lattice summation method               =    Ewald          (3-D)
                                         =    Parry          (2-D)
                                         =    Saunders et al (1-D)
  Accuracy factor for lattice sums       =   12.000


  Analytic derivatives to be used

  Time limit = Infinity

********************************************************************************
*  Output for configuration   1                                                *
********************************************************************************


  Components of energy : 

--------------------------------------------------------------------------------
  Interatomic potentials     =           0.00000000 eV    
  Monopole - monopole (real) =           0.00000000 eV    
  Monopole - monopole (recip)=           0.00000000 eV    
  Monopole - monopole (total)=           0.00000000 eV    
--------------------------------------------------------------------------------
  Total lattice energy       =           0.00000000 eV    
--------------------------------------------------------------------------------
  Total lattice energy       =               0.0000 kJ/(mole unit cells)
--------------------------------------------------------------------------------


  Number of variables =       45

  Maximum number of calculations  =          1000
  Maximum Hessian update interval =            10
  Maximum step size               =   1.000000000
  Maximum parameter tolerance     =   0.000010000
  Maximum function  tolerance     =   0.000010000
  Maximum gradient  tolerance     =   0.001000000
  Maximum gradient  component     =   0.010000000

  Symmetry not applied to optimisation

  Cell parameters to be optimised using strains

  Newton-Raphson optimiser to be used

  BFGS hessian update to be used

  Lower half triangular hessian to be used

  Start of bulk optimisation :

  Cycle:      0 Energy:         0.000000  Gnorm:      0.000000  CPU:    0.007


  **** Optimisation achieved ****


  Final energy =       0.00000000 eV
  Final Gnorm  =       0.00000000

  Components of energy : 

--------------------------------------------------------------------------------
  Interatomic potentials     =           0.00000000 eV    
  Monopole - monopole (real) =           0.00000000 eV    
  Monopole - monopole (recip)=           0.00000000 eV    
  Monopole - monopole (total)=           0.00000000 eV    
--------------------------------------------------------------------------------
  Total lattice energy       =           0.00000000 eV    
--------------------------------------------------------------------------------
  Total lattice energy       =               0.0000 kJ/(mole unit cells)
--------------------------------------------------------------------------------

  Final fractional coordinates of atoms :

--------------------------------------------------------------------------------
   No.  Atomic        x           y          z          Radius
        Label       (Frac)      (Frac)     (Frac)       (Angs) 
--------------------------------------------------------------------------------
     1  Ga    c     0.344749    0.344749    0.084305    0.000000
     2  Ga    c     0.655251    0.655251    0.915695    0.000000
     3  Cl    c     0.278747    0.721253    0.000000    0.000000
     4  Cl    c     0.721253    0.278747    0.000000    0.000000
     5  Cl    c     0.689436    0.689436    0.164912    0.000000
     6  Cl    c     0.310564    0.310564    0.835088    0.000000
     7  Cl    c     0.813092    0.813092    0.569365    0.000000
     8  Cl    c     0.186908    0.186908    0.430635    0.000000
     9  Cl    s     0.278747    0.721253    0.000000    0.000000
    10  Cl    s     0.721253    0.278747    0.000000    0.000000
    11  Cl    s     0.689436    0.689436    0.164912    0.000000
    12  Cl    s     0.310564    0.310564    0.835088    0.000000
    13  Cl    s     0.813092    0.813092    0.569365    0.000000
    14  Cl    s     0.186908    0.186908    0.430635    0.000000
--------------------------------------------------------------------------------

  Final Cartesian lattice vectors (Angstroms) :

        7.286000    0.000000    0.000000
        3.439979    6.422799    0.000000
        3.788756    2.268736    5.995088


  Final cell parameters and derivatives :

--------------------------------------------------------------------------------
       a            7.286000 Angstrom     dE/de1(xx)     0.000000 eV/strain
       b            7.286000 Angstrom     dE/de2(yy)     0.000000 eV/strain
       c            7.446000 Angstrom     dE/de3(zz)     0.000000 eV/strain
       alpha       59.414000 Degrees      dE/de4(yz)     0.000000 eV/strain
       beta        59.414000 Degrees      dE/de5(xz)     0.000000 eV/strain
       gamma       61.827000 Degrees      dE/de6(xy)     0.000000 eV/strain
--------------------------------------------------------------------------------

  Primitive cell volume =           280.549192 Angs**3

  Density of cell =      2.084310 g/cm**3

  Non-primitive cell volume =           280.549192 Angs**3


  Final internal derivatives :

--------------------------------------------------------------------------------
   No.  Atomic          a             b             c           Radius
        Label          (eV)          (eV)          (eV)        (eV/Angs)
--------------------------------------------------------------------------------
      1 Ga    c       0.000000      0.000000      0.000000      0.000000
      2 Ga    c       0.000000      0.000000      0.000000      0.000000
      3 Cl    c       0.000000      0.000000      0.000000      0.000000
      4 Cl    c       0.000000      0.000000      0.000000      0.000000
      5 Cl    c       0.000000      0.000000      0.000000      0.000000
      6 Cl    c       0.000000      0.000000      0.000000      0.000000
      7 Cl    c       0.000000      0.000000      0.000000      0.000000
      8 Cl    c       0.000000      0.000000      0.000000      0.000000
      9 Cl    s       0.000000      0.000000      0.000000      0.000000
     10 Cl    s       0.000000      0.000000      0.000000      0.000000
     11 Cl    s       0.000000      0.000000      0.000000      0.000000
     12 Cl    s       0.000000      0.000000      0.000000      0.000000
     13 Cl    s       0.000000      0.000000      0.000000      0.000000
     14 Cl    s       0.000000      0.000000      0.000000      0.000000
--------------------------------------------------------------------------------
  Maximum abs         0.000000      0.000000      0.000000      0.000000
--------------------------------------------------------------------------------

  Comparison of initial and final structures : 

--------------------------------------------------------------------------------
  Parameter   Initial value   Final value   Difference    Units      Percent
--------------------------------------------------------------------------------
    Volume       280.549192    280.549192     0.000000    Angs**3      0.00
    a              7.286000      7.286000     0.000000    Angstroms    0.00
    b              7.286000      7.286000    -0.000000    Angstroms   -0.00
    c              7.446000      7.446000     0.000000    Angstroms    0.00
    alpha         59.414000     59.414000     0.000000    Degrees      0.00
    beta          59.414000     59.414000     0.000000    Degrees      0.00
    gamma         61.827000     61.827000    -0.000000    Degrees     -0.00
      1 x          0.344749      0.344749     0.000000    Fractional   0.00
      1 y          0.344749      0.344749     0.000000    Fractional   0.00
      1 z          0.084305      0.084305     0.000000    Fractional   0.00
      2 x          0.655251      0.655251     0.000000    Fractional   0.00
      2 y          0.655251      0.655251     0.000000    Fractional   0.00
      2 z          0.915695      0.915695     0.000000    Fractional   0.00
      3 x          0.278747      0.278747     0.000000    Fractional   0.00
      3 y          0.721253      0.721253     0.000000    Fractional   0.00
      3 z          0.000000      0.000000     0.000000    Fractional   0.00
      4 x          0.721253      0.721253     0.000000    Fractional   0.00
      4 y          0.278747      0.278747     0.000000    Fractional   0.00
      4 z          0.000000      0.000000     0.000000    Fractional   0.00
      5 x          0.689436      0.689436     0.000000    Fractional   0.00
      5 y          0.689436      0.689436     0.000000    Fractional   0.00
      5 z          0.164912      0.164912     0.000000    Fractional   0.00
      6 x          0.310564      0.310564     0.000000    Fractional   0.00
      6 y          0.310564      0.310564     0.000000    Fractional   0.00
      6 z          0.835088      0.835088     0.000000    Fractional   0.00
      7 x          0.813092      0.813092     0.000000    Fractional   0.00
      7 y          0.813092      0.813092     0.000000    Fractional   0.00
      7 z          0.569365      0.569365     0.000000    Fractional   0.00
      8 x          0.186908      0.186908     0.000000    Fractional   0.00
      8 y          0.186908      0.186908     0.000000    Fractional   0.00
      8 z          0.430635      0.430635     0.000000    Fractional   0.00
      9 x          0.278747      0.278747     0.000000    Fractional   0.00
      9 y          0.721253      0.721253     0.000000    Fractional   0.00
      9 z          0.000000      0.000000     0.000000    Fractional   0.00
     10 x          0.721253      0.721253     0.000000    Fractional   0.00
     10 y          0.278747      0.278747     0.000000    Fractional   0.00
     10 z          0.000000      0.000000     0.000000    Fractional   0.00
     11 x          0.689436      0.689436     0.000000    Fractional   0.00
     11 y          0.689436      0.689436     0.000000    Fractional   0.00
     11 z          0.164912      0.164912     0.000000    Fractional   0.00
     12 x          0.310564      0.310564     0.000000    Fractional   0.00
     12 y          0.310564      0.310564     0.000000    Fractional   0.00
     12 z          0.835088      0.835088     0.000000    Fractional   0.00
     13 x          0.813092      0.813092     0.000000    Fractional   0.00
     13 y          0.813092      0.813092     0.000000    Fractional   0.00
     13 z          0.569365      0.569365     0.000000    Fractional   0.00
     14 x          0.186908      0.186908     0.000000    Fractional   0.00
     14 y          0.186908      0.186908     0.000000    Fractional   0.00
     14 z          0.430635      0.430635     0.000000    Fractional   0.00
--------------------------------------------------------------------------------



!!!!!!!!!!!!!!!!!!!!!!!!!!!!!!!!!!!!!!!!!!!!!!!!!!!!!!!!!!!!!!!!!!!!!!!!!!!!!!!!
!! WARNING : Properties cannot be calculated - matrix is singular
!!!!!!!!!!!!!!!!!!!!!!!!!!!!!!!!!!!!!!!!!!!!!!!!!!!!!!!!!!!!!!!!!!!!!!!!!!!!!!!!


  Time to end of optimisation =       0.0079 seconds

********************************************************************************
*  Defect calculation for configuration   1 :                                  *
********************************************************************************


  **** No defects for configuration number    1 ****


  Peak dynamic memory used =       1.86 MB 


  Timing analysis for GULP :

--------------------------------------------------------------------------------
  Task / Subroutine                                          Time (Seconds)
--------------------------------------------------------------------------------
--------------------------------------------------------------------------------
  Total CPU time                                                  0.0080
--------------------------------------------------------------------------------



  **** GULP has completed with 1 warning - beware! ****

  Job Finished at 00:17.37 26th August     2021                               

